[DEBUG] Diarating | 2023-03-08 23:03:00,421
msg: Connenced to database
[DEBUG] Diarating | 2023-03-08 23:03:00,470
msg: Create tables in database
[DEBUG] asyncio | 2023-03-08 23:03:00,498
msg: Using proactor: IocpProactor
[DEBUG] Diarating | 2023-03-08 23:03:00,500
msg: Start DiaRatingBot
[INFO] aiogram.dispatcher | 2023-03-08 23:03:00,825
msg: Start polling
[INFO] aiogram.dispatcher | 2023-03-08 23:03:00,883
msg: Run polling for bot @TestReminder9182Bot id=5441535183 - 'Reminder'
[DEBUG] Diarating | 2023-03-08 23:03:03,071
msg: [InlineQuery] uid: 905143300 | query: "hello"
[INFO] aiogram.event | 2023-03-08 23:03:03,072
msg: Update id=357818149 is not handled. Duration 0 ms by bot id=5441535183
[DEBUG] Diarating | 2023-03-08 23:03:07,852
msg: [CallbackQuery] gid: -1001855638066 | uid: 905143300 callback_data: text
[INFO] aiogram.event | 2023-03-08 23:03:07,853
msg: Update id=357818150 is not handled. Duration 0 ms by bot id=5441535183
[DEBUG] Diarating | 2023-03-08 23:03:15,943
msg: [CallbackQuery] gid: -1001855638066 | uid: 905143300 callback_data: extra:hello:qwe
[INFO] aiogram.event | 2023-03-08 23:03:15,943
msg: Update id=357818151 is not handled. Duration 0 ms by bot id=5441535183
[INFO] aiogram.dispatcher | 2023-03-08 23:03:48,710
msg: Polling stopped
[INFO] aiogram.dispatcher | 2023-03-08 23:03:48,712
msg: Polling stopped for bot @TestReminder9182Bot id=5441535183 - 'Reminder'
